c:\users\alumno14\desktop\weas de gráficas\idv_gfx\idv_gfx_albertovilla\project\lib\vstuff\idv_framework\debug\win32\idv_framework.pdb
c:\users\alumno14\desktop\weas de gráficas\idv_gfx\idv_gfx_albertovilla\project\lib\vstuff\idv_framework\debug\win32\idv_framework.idb
c:\users\alumno14\desktop\weas de gráficas\idv_gfx\idv_gfx_albertovilla\project\lib\vstuff\idv_framework\debug\win32\idvd3dmesh.obj
c:\users\alumno14\desktop\weas de gráficas\idv_gfx\idv_gfx_albertovilla\project\lib\vstuff\idv_framework\debug\win32\idvglmesh.obj
c:\users\alumno14\desktop\weas de gráficas\idv_gfx\idv_gfx_albertovilla\project\lib\vstuff\idv_framework\debug\win32\idvd3dquad.obj
c:\users\alumno14\desktop\weas de gráficas\idv_gfx\idv_gfx_albertovilla\project\lib\vstuff\idv_framework\debug\win32\idvglquad.obj
c:\users\alumno14\desktop\weas de gráficas\idv_gfx\idv_gfx_albertovilla\project\lib\vstuff\idv_framework\debug\win32\idvprimitiveinstance.obj
c:\users\alumno14\desktop\weas de gráficas\idv_gfx\idv_gfx_albertovilla\project\lib\vstuff\idv_framework\debug\win32\idvprimitivemanager.obj
c:\users\alumno14\desktop\weas de gráficas\idv_gfx\idv_gfx_albertovilla\project\lib\vstuff\idv_framework\debug\win32\idvsceneprop.obj
c:\users\alumno14\desktop\weas de gráficas\idv_gfx\idv_gfx_albertovilla\project\lib\vstuff\idv_framework\debug\win32\idvutils.obj
c:\users\alumno14\desktop\weas de gráficas\idv_gfx\idv_gfx_albertovilla\project\lib\vstuff\idv_framework\debug\win32\idvbasedriver.obj
c:\users\alumno14\desktop\weas de gráficas\idv_gfx\idv_gfx_albertovilla\project\lib\vstuff\idv_framework\debug\win32\idvd3dxdriver.obj
c:\users\alumno14\desktop\weas de gráficas\idv_gfx\idv_gfx_albertovilla\project\lib\vstuff\idv_framework\debug\win32\idvd3dxshader.obj
c:\users\alumno14\desktop\weas de gráficas\idv_gfx\idv_gfx_albertovilla\project\lib\vstuff\idv_framework\debug\win32\idvgldriver.obj
c:\users\alumno14\desktop\weas de gráficas\idv_gfx\idv_gfx_albertovilla\project\lib\vstuff\idv_framework\debug\win32\idvglshader.obj
c:\users\alumno14\desktop\weas de gráficas\idv_gfx\idv_gfx_albertovilla\project\lib\vstuff\idv_framework\debug\win32\idvwin32manager.obj
c:\users\alumno14\desktop\weas de gráficas\idv_gfx\idv_gfx_albertovilla\project\lib\debug\win32\idv_framework.lib
c:\users\alumno14\desktop\weas de gráficas\idv_gfx\idv_gfx_albertovilla\project\lib\debug\win32\idv_framework.pdb
c:\users\alumno14\desktop\weas de gráficas\idv_gfx\idv_gfx_albertovilla\project\lib\vstuff\idv_framework\debug\win32\idv_framework.tlog\cl.command.1.tlog
c:\users\alumno14\desktop\weas de gráficas\idv_gfx\idv_gfx_albertovilla\project\lib\vstuff\idv_framework\debug\win32\idv_framework.tlog\cl.read.1.tlog
c:\users\alumno14\desktop\weas de gráficas\idv_gfx\idv_gfx_albertovilla\project\lib\vstuff\idv_framework\debug\win32\idv_framework.tlog\cl.write.1.tlog
c:\users\alumno14\desktop\weas de gráficas\idv_gfx\idv_gfx_albertovilla\project\lib\vstuff\idv_framework\debug\win32\idv_framework.tlog\lib-link.read.1.tlog
c:\users\alumno14\desktop\weas de gráficas\idv_gfx\idv_gfx_albertovilla\project\lib\vstuff\idv_framework\debug\win32\idv_framework.tlog\lib-link.write.1.tlog
c:\users\alumno14\desktop\weas de gráficas\idv_gfx\idv_gfx_albertovilla\project\lib\vstuff\idv_framework\debug\win32\idv_framework.tlog\lib.command.1.tlog
